Sep-22 13:10:33.226 [main] DEBUG nextflow.cli.Launcher - $> nextflow run main.nf -c configs/institutional/rosalind.config -with-tower --partition brc -bg
Sep-22 13:10:33.327 [main] INFO  nextflow.cli.CmdRun - N E X T F L O W  ~  version 21.04.3
Sep-22 13:10:33.351 [main] INFO  nextflow.cli.CmdRun - Launching `main.nf` [intergalactic_kilby] - revision: d9864ea8a5
Sep-22 13:10:33.365 [main] DEBUG nextflow.config.ConfigBuilder - Found config local: /users/k1809704/BioFung/nextflow-version/nextflow.config
Sep-22 13:10:33.368 [main] DEBUG nextflow.config.ConfigBuilder - User config file: /users/k1809704/BioFung/nextflow-version/configs/institutional/rosalind.config
Sep-22 13:10:33.368 [main] DEBUG nextflow.config.ConfigBuilder - Parsing config file: /users/k1809704/BioFung/nextflow-version/nextflow.config
Sep-22 13:10:33.368 [main] DEBUG nextflow.config.ConfigBuilder - Parsing config file: /users/k1809704/BioFung/nextflow-version/configs/institutional/rosalind.config
Sep-22 13:10:33.405 [main] DEBUG nextflow.config.ConfigBuilder - Applying config profile: `standard`
Sep-22 13:10:34.057 [main] DEBUG nextflow.config.ConfigBuilder - Applying config profile: `standard`
Sep-22 13:10:34.272 [main] DEBUG nextflow.plugin.PluginsFacade - Setting up plugin manager > mode=prod; plugins-dir=/users/k1809704/.nextflow/plugins
Sep-22 13:10:34.274 [main] DEBUG nextflow.plugin.PluginsFacade - Plugins default=[]
Sep-22 13:10:34.279 [main] DEBUG nextflow.plugin.PluginsFacade - Plugins local root: .nextflow/plr/21921f6807262d1f701978cdf8a1f5c4
Sep-22 13:10:34.295 [main] INFO  org.pf4j.DefaultPluginStatusProvider - Enabled plugins: []
Sep-22 13:10:34.296 [main] INFO  org.pf4j.DefaultPluginStatusProvider - Disabled plugins: []
Sep-22 13:10:34.301 [main] INFO  org.pf4j.DefaultPluginManager - PF4J version 3.4.1 in 'deployment' mode
Sep-22 13:10:34.313 [main] INFO  org.pf4j.AbstractPluginManager - No plugins
Sep-22 13:10:34.313 [main] DEBUG nextflow.plugin.PluginsFacade - Plugin 'start' is not required in self-contained mode -- ignoring it for plugins: [nf-tower@1.1.0]
Sep-22 13:10:34.366 [main] DEBUG nextflow.Session - Session uuid: 913a24b9-6319-4eed-bc3d-ead1325139fb
Sep-22 13:10:34.366 [main] DEBUG nextflow.Session - Run name: intergalactic_kilby
Sep-22 13:10:34.367 [main] DEBUG nextflow.Session - Executor pool size: 24
Sep-22 13:10:34.376 [main] DEBUG nextflow.config.ConfigBuilder - Found config local: /users/k1809704/BioFung/nextflow-version/nextflow.config
Sep-22 13:10:34.376 [main] DEBUG nextflow.config.ConfigBuilder - User config file: /users/k1809704/BioFung/nextflow-version/configs/institutional/rosalind.config
Sep-22 13:10:34.376 [main] DEBUG nextflow.config.ConfigBuilder - Parsing config file: /users/k1809704/BioFung/nextflow-version/nextflow.config
Sep-22 13:10:34.376 [main] DEBUG nextflow.config.ConfigBuilder - Parsing config file: /users/k1809704/BioFung/nextflow-version/configs/institutional/rosalind.config
Sep-22 13:10:34.377 [main] DEBUG nextflow.config.ConfigBuilder - Applying config profile: `standard`
Sep-22 13:10:34.438 [main] DEBUG nextflow.config.ConfigBuilder - Applying config profile: `standard`
Sep-22 13:10:34.552 [main] DEBUG nextflow.cli.CmdRun - 
  Version: 21.04.3 build 5563
  Created: 21-07-2021 16:57 UTC (17:57 BST)
  System: Linux 3.10.0-1160.36.2.el7.x86_64
  Runtime: Groovy 3.0.7 on OpenJDK 64-Bit Server VM 12.0.1+12
  Encoding: UTF-8 (UTF-8)
  Process: 253004@login3.pri.rosalind2.alces.network [10.10.0.23]
  CPUs: 24 - Mem: 187.4 GB (32.7 GB) - Swap: 7.9 GB (6.2 GB)
Sep-22 13:10:34.600 [main] DEBUG nextflow.Session - Work-dir: /users/k1809704/BioFung/nextflow-version/work [nfs]
Sep-22 13:10:34.600 [main] DEBUG nextflow.Session - Script base path does not exist or is not a directory: /users/k1809704/BioFung/nextflow-version/bin
Sep-22 13:10:34.680 [main] DEBUG nextflow.executor.ExecutorFactory - Extension executors providers=[GoogleLifeSciencesExecutor, AwsBatchExecutor, IgExecutor]
Sep-22 13:10:34.717 [main] DEBUG nextflow.Session - Observer factory: DefaultObserverFactory
Sep-22 13:10:34.719 [main] DEBUG nextflow.Session - Observer factory: TowerFactory
Sep-22 13:10:34.906 [main] DEBUG nextflow.Session - Session start invoked
Sep-22 13:10:34.918 [main] DEBUG io.seqera.tower.plugin.TowerClient - Creating Tower observer -- endpoint=https://api.tower.nf; requestInterval=1s; aliveInterval=1m; maxRetries=5; backOffBase=3; backOffDelay=250
Sep-22 13:10:35.601 [main] DEBUG nextflow.script.ScriptRunner - > Launching execution
Sep-22 13:10:35.627 [main] DEBUG nextflow.Session - Workflow process names [dsl2]: output, decompress, hmm
Sep-22 13:10:35.751 [main] DEBUG nextflow.executor.ExecutorFactory - << taskConfig executor: slurm
Sep-22 13:10:35.751 [main] DEBUG nextflow.executor.ExecutorFactory - >> processorType: 'slurm'
Sep-22 13:10:35.789 [main] DEBUG nextflow.executor.Executor - [warm up] executor > slurm
Sep-22 13:10:35.792 [main] DEBUG n.processor.TaskPollingMonitor - Creating task monitor for executor 'slurm' > capacity: 100; pollInterval: 5s; dumpInterval: 5m 
Sep-22 13:10:35.796 [main] DEBUG n.processor.TaskPollingMonitor - Creating submit rate limit of 1 reqs by 1 seconds
Sep-22 13:10:35.801 [main] DEBUG n.executor.AbstractGridExecutor - Creating executor 'slurm' > queue-stat-interval: 1m
Sep-22 13:10:35.943 [main] DEBUG nextflow.executor.ExecutorFactory - << taskConfig executor: slurm
Sep-22 13:10:35.943 [main] DEBUG nextflow.executor.ExecutorFactory - >> processorType: 'slurm'
Sep-22 13:10:35.955 [main] DEBUG nextflow.executor.ExecutorFactory - << taskConfig executor: slurm
Sep-22 13:10:35.955 [main] DEBUG nextflow.executor.ExecutorFactory - >> processorType: 'slurm'
Sep-22 13:10:36.124 [main] INFO  io.seqera.tower.plugin.TowerClient - Monitor the execution with Nextflow Tower using this url https://tower.nf/watch/5g6O9lxkb9eSAl
Sep-22 13:10:36.124 [main] DEBUG nextflow.Session - Ignite dataflow network (5)
Sep-22 13:10:36.133 [main] DEBUG nextflow.processor.TaskProcessor - Starting process > decompress
Sep-22 13:10:36.134 [main] DEBUG nextflow.processor.TaskProcessor - Starting process > hmm
Sep-22 13:10:36.135 [main] DEBUG nextflow.processor.TaskProcessor - Starting process > output
Sep-22 13:10:36.136 [main] DEBUG nextflow.script.ScriptRunner - > Await termination 
Sep-22 13:10:36.136 [main] DEBUG nextflow.Session - Session await
Sep-22 13:10:36.500 [Task submitter] DEBUG nextflow.executor.GridTaskHandler - [SLURM] submitted process decompress (1) > jobId: 13794584; workDir: /users/k1809704/BioFung/nextflow-version/work/b7/a587e914d024e5d211e1c9d552efe6
Sep-22 13:10:36.505 [Task submitter] INFO  nextflow.Session - [b7/a587e9] Submitted process > decompress (1)
Sep-22 13:11:45.818 [Task monitor] DEBUG n.processor.TaskPollingMonitor - Task completed > TaskHandler[jobId: 13794584; id: 1; name: decompress (1); status: COMPLETED; exit: 0; error: -; workDir: /users/k1809704/BioFung/nextflow-version/work/b7/a587e914d024e5d211e1c9d552efe6 started: 1632312670818; exited: 2021-09-22T12:11:23.122596Z; ]
Sep-22 13:11:45.902 [Actor Thread 7] WARN  nextflow.container.SingularityCache - Singularity cache directory has not been defined -- Remote image will be stored in the path: /users/k1809704/BioFung/nextflow-version/work/singularity -- Use env variable NXF_SINGULARITY_CACHEDIR to specify a different location
Sep-22 13:11:45.902 [Actor Thread 7] INFO  nextflow.container.SingularityCache - Pulling Singularity image docker://dockerbiotools/hmmer [cache /users/k1809704/BioFung/nextflow-version/work/singularity/dockerbiotools-hmmer.img]
Sep-22 13:12:33.368 [Actor Thread 7] DEBUG nextflow.container.SingularityCache - Singularity pull complete image=docker://dockerbiotools/hmmer path=/users/k1809704/BioFung/nextflow-version/work/singularity/dockerbiotools-hmmer.img
Sep-22 13:12:33.440 [Task submitter] DEBUG nextflow.executor.GridTaskHandler - [SLURM] submitted process hmm (1) > jobId: 13794587; workDir: /users/k1809704/BioFung/nextflow-version/work/ac/80f9e3cdddd23b16d2fa154ffda5c1
Sep-22 13:12:33.440 [Task submitter] INFO  nextflow.Session - [ac/80f9e3] Submitted process > hmm (1)
Sep-22 13:13:10.096 [SIGTERM handler] DEBUG nextflow.Session - Session aborted -- Cause: SIGTERM
Sep-22 13:13:10.128 [SIGTERM handler] DEBUG nextflow.Session - The following nodes are still active:
[process] output
  status=ACTIVE
  port 0: (queue) OPEN  ; channel: meta
  port 1: (cntrl) -     ; channel: $

Sep-22 13:13:10.133 [main] DEBUG nextflow.Session - Session await > all process finished
Sep-22 13:13:10.133 [main] DEBUG nextflow.Session - Session await > all barriers passed
Sep-22 13:13:10.143 [main] WARN  n.processor.TaskPollingMonitor - Killing pending tasks (1)
Sep-22 13:13:10.174 [main] DEBUG nextflow.trace.WorkflowStatsObserver - Workflow completed > WorkflowStats[succeededCount=1; failedCount=0; ignoredCount=0; cachedCount=0; pendingCount=0; submittedCount=0; runningCount=0; retriesCount=0; abortedCount=1; succeedDuration=39.8s; failedDuration=0ms; cachedDuration=0ms;loadCpus=0; loadMemory=0; peakRunning=1; peakCpus=4; peakMemory=0; ]
Sep-22 13:13:10.428 [main] DEBUG nextflow.CacheDB - Closing CacheDB done
Sep-22 13:13:10.447 [main] DEBUG nextflow.script.ScriptRunner - > Execution complete -- Goodbye
